<?xml version="1.0" encoding="UTF-8"?>
<testng-results skipped="0" failed="0" total="4" passed="4">
  <reporter-output>
  </reporter-output>
  <suite name="Suite" duration-ms="14445" started-at="2018-04-02T07:24:27Z" finished-at="2018-04-02T07:24:42Z">
    <groups>
    </groups>
    <test name="Test1" duration-ms="4137" started-at="2018-04-02T07:24:27Z" finished-at="2018-04-02T07:24:32Z">
      <class name="com.qa.cohealth1.test.TC004_OurMissionTest">
        <test-method status="PASS" signature="verifyOurMissionLink()[pri:0, instance:com.qa.cohealth1.test.TC004_OurMissionTest@2ef9b8bc]" name="verifyOurMissionLink" duration-ms="4130" started-at="2018-04-02T00:24:27Z" finished-at="2018-04-02T00:24:32Z">
          <reporter-output>
          </reporter-output>
        </test-method> <!-- verifyOurMissionLink -->
      </class> <!-- com.qa.cohealth1.test.TC004_OurMissionTest -->
    </test> <!-- Test1 -->
    <test name="Test2" duration-ms="4825" started-at="2018-04-02T07:24:32Z" finished-at="2018-04-02T07:24:37Z">
      <class name="com.qa.cohealth1.test.TC003_JobsTest">
        <test-method status="PASS" signature="VerifyJobsQaEnginerLink()[pri:0, instance:com.qa.cohealth1.test.TC003_JobsTest@67b6d4ae]" name="VerifyJobsQaEnginerLink" duration-ms="4824" started-at="2018-04-02T00:24:32Z" finished-at="2018-04-02T00:24:37Z">
          <reporter-output>
          </reporter-output>
        </test-method> <!-- VerifyJobsQaEnginerLink -->
      </class> <!-- com.qa.cohealth1.test.TC003_JobsTest -->
    </test> <!-- Test2 -->
    <test name="Test3" duration-ms="81" started-at="2018-04-02T07:24:37Z" finished-at="2018-04-02T07:24:37Z">
      <class name="com.qa.cohealth1.test.TC001_OurTeamTest">
        <test-method status="PASS" signature="verifyOurTeamLink()[pri:0, instance:com.qa.cohealth1.test.TC001_OurTeamTest@54a097cc]" name="verifyOurTeamLink" duration-ms="80" started-at="2018-04-02T00:24:37Z" finished-at="2018-04-02T00:24:37Z">
          <reporter-output>
          </reporter-output>
        </test-method> <!-- verifyOurTeamLink -->
      </class> <!-- com.qa.cohealth1.test.TC001_OurTeamTest -->
    </test> <!-- Test3 -->
    <test name="Test4" duration-ms="5036" started-at="2018-04-02T07:24:37Z" finished-at="2018-04-02T07:24:42Z">
      <class name="com.qa.cohealth1.test.TC002_OurTeamTest">
        <test-method status="PASS" signature="SetUp()[pri:0, instance:com.qa.cohealth1.test.TC002_OurTeamTest@2c9f9fb0]" name="SetUp" is-config="true" duration-ms="7887" started-at="2018-04-02T00:24:20Z" finished-at="2018-04-02T00:24:27Z">
          <reporter-output>
          </reporter-output>
        </test-method> <!-- SetUp -->
        <test-method status="PASS" signature="VerifyAliDiabPtr()[pri:0, instance:com.qa.cohealth1.test.TC002_OurTeamTest@2c9f9fb0]" name="VerifyAliDiabPtr" duration-ms="5036" started-at="2018-04-02T00:24:37Z" finished-at="2018-04-02T00:24:42Z">
          <reporter-output>
          </reporter-output>
        </test-method> <!-- VerifyAliDiabPtr -->
        <test-method status="PASS" signature="TearDown()[pri:0, instance:com.qa.cohealth1.test.TC002_OurTeamTest@2c9f9fb0]" name="TearDown" is-config="true" duration-ms="137" started-at="2018-04-02T00:24:42Z" finished-at="2018-04-02T00:24:42Z">
          <reporter-output>
          </reporter-output>
        </test-method> <!-- TearDown -->
      </class> <!-- com.qa.cohealth1.test.TC002_OurTeamTest -->
    </test> <!-- Test4 -->
  </suite> <!-- Suite -->
</testng-results>
