<?xml version="1.0" encoding="UTF-8"?>
<testng-results skipped="0" failed="0" total="1" passed="1">
  <reporter-output>
  </reporter-output>
  <suite name="Default suite" duration-ms="2394" started-at="2018-04-02T05:45:11Z" finished-at="2018-04-02T05:45:13Z">
    <groups>
    </groups>
    <test name="Default test" duration-ms="2394" started-at="2018-04-02T05:45:11Z" finished-at="2018-04-02T05:45:13Z">
      <class name="com.qa.cohealth1.test.TC01_memberSignInTest">
        <test-method status="PASS" signature="SetUp()[pri:0, instance:com.qa.cohealth1.test.TC01_memberSignInTest@7f63425a]" name="SetUp" is-config="true" duration-ms="7571" started-at="2018-04-01T22:45:03Z" finished-at="2018-04-01T22:45:11Z">
          <reporter-output>
          </reporter-output>
        </test-method> <!-- SetUp -->
        <test-method status="PASS" signature="verifyNonMemberSignIn()[pri:0, instance:com.qa.cohealth1.test.TC01_memberSignInTest@7f63425a]" name="verifyNonMemberSignIn" duration-ms="2385" started-at="2018-04-01T22:45:11Z" finished-at="2018-04-01T22:45:13Z">
          <reporter-output>
          </reporter-output>
        </test-method> <!-- verifyNonMemberSignIn -->
        <test-method status="PASS" signature="TearDown()[pri:0, instance:com.qa.cohealth1.test.TC01_memberSignInTest@7f63425a]" name="TearDown" is-config="true" duration-ms="166" started-at="2018-04-01T22:45:13Z" finished-at="2018-04-01T22:45:14Z">
          <reporter-output>
          </reporter-output>
        </test-method> <!-- TearDown -->
      </class> <!-- com.qa.cohealth1.test.TC01_memberSignInTest -->
    </test> <!-- Default test -->
  </suite> <!-- Default suite -->
</testng-results>
